2025-09-09 16:02:31 INFO  SetupPreconditions:325 - ----- Create schemas -----
2025-09-09 16:02:31 INFO  SetupPreconditions:327 - 1: Click on timesheet module in header
2025-09-09 16:02:33 INFO  SetupPreconditions:329 - 2: Click on timesheet approval schema sub module inside Timesheet module
2025-09-09 16:02:33 INFO  SetupPreconditions:333 - 3: Check that schema is already created
2025-09-09 16:02:33 INFO  SetupPreconditions:337 - Click on add new schema btn
2025-09-09 16:02:33 INFO  SetupPreconditions:339 - Write schema name
2025-09-09 16:02:34 INFO  SetupPreconditions:341 - Click on Create schema
2025-09-09 16:02:34 INFO  SetupPreconditions:333 - 3: Check that schema is already created
2025-09-09 16:02:34 INFO  SetupPreconditions:337 - Click on add new schema btn
2025-09-09 16:02:35 INFO  SetupPreconditions:339 - Write schema name
2025-09-09 16:02:35 INFO  SetupPreconditions:341 - Click on Create schema
2025-09-09 16:02:35 INFO  SetupPreconditions:333 - 3: Check that schema is already created
2025-09-09 16:02:35 ERROR SetupPreconditions:346 - org.openqa.selenium.WebDriverException: unknown error: unhandled inspector error: {"code":-32000,"message":"Node with given id does not belong to the document"}
  (Session info: chrome=139.0.7258.157)
Build info: version: '4.29.0', revision: '5fc1ec94cb'
System info: os.name: 'Windows 11', os.arch: 'amd64', os.version: '10.0', java.version: '21.0.6'
Driver info: org.openqa.selenium.chrome.ChromeDriver
Command: [fb0360e2a17c9b32da002d6def0f2180, getElementText {id=f.9523B2626911F329A46DE63BEE7BCCF9.d.34DD9D2D9768E0862CCD734F15AA2C7C.e.2957}]
Capabilities {acceptInsecureCerts: false, browserName: chrome, browserVersion: 139.0.7258.157, chrome: {chromedriverVersion: 139.0.7258.154 (9e0d6b2b47f..., userDataDir: C:\Users\SOURAB~1\AppData\L...}, fedcm:accounts: true, goog:chromeOptions: {debuggerAddress: localhost:60923}, networkConnectionEnabled: false, pageLoadStrategy: normal, platformName: windows, proxy: Proxy(), se:cdp: ws://localhost:60923/devtoo..., se:cdpVersion: 139.0.7258.157, setWindowRect: true, strictFileInteractability: false, timeouts: {implicit: 0, pageLoad: 300000, script: 30000}, unhandledPromptBehavior: dismiss and notify, webauthn:extension:credBlob: true, webauthn:extension:largeBlob: true, webauthn:extension:minPinLength: true, webauthn:extension:prf: true, webauthn:virtualAuthenticators: true}
Element: [[ChromeDriver: chrome on windows (fb0360e2a17c9b32da002d6def0f2180)] -> xpath: //table[@class='approval-schemas-table list']//tbody//td[2]//a]
Session ID: fb0360e2a17c9b32da002d6def0f2180
2025-09-09 16:02:42 INFO  TC007_TimesheetSubmissionAndApprovalForTwoProjectsSameSchema:65 - Test Case 1: Verify approval flow in different projects which have same Schema
2025-09-09 16:02:42 INFO  TC007_TimesheetSubmissionAndApprovalForTwoProjectsSameSchema:68 - Step 1: Logging in as opal.sparrow
2025-09-09 16:02:42 INFO  TC007_TimesheetSubmissionAndApprovalForTwoProjectsSameSchema:71 - Step 2: Navigating to Timesheet module
2025-09-09 16:03:03 ERROR TC007_TimesheetSubmissionAndApprovalForTwoProjectsSameSchema:132 - org.openqa.selenium.TimeoutException: Expected condition failed: waiting for element to be clickable: By.xpath: //a[contains(@class,'timesheets')] (tried for 15 second(s) with 500 milliseconds interval)
Build info: version: '4.29.0', revision: '5fc1ec94cb'
System info: os.name: 'Windows 11', os.arch: 'amd64', os.version: '10.0', java.version: '21.0.6'
Driver info: org.openqa.selenium.chrome.ChromeDriver
Capabilities {acceptInsecureCerts: false, browserName: chrome, browserVersion: 139.0.7258.157, chrome: {chromedriverVersion: 139.0.7258.154 (9e0d6b2b47f..., userDataDir: C:\Users\SOURAB~1\AppData\L...}, fedcm:accounts: true, goog:chromeOptions: {debuggerAddress: localhost:51964}, networkConnectionEnabled: false, pageLoadStrategy: normal, platformName: windows, proxy: Proxy(), se:cdp: ws://localhost:51964/devtoo..., se:cdpVersion: 139.0.7258.157, setWindowRect: true, strictFileInteractability: false, timeouts: {implicit: 0, pageLoad: 300000, script: 30000}, unhandledPromptBehavior: dismiss and notify, webauthn:extension:credBlob: true, webauthn:extension:largeBlob: true, webauthn:extension:minPinLength: true, webauthn:extension:prf: true, webauthn:virtualAuthenticators: true}
Session ID: fd78fb91775f16cfc06ed2bdf243864f
2025-09-09 16:03:09 INFO  TC009_TimesheetAutoApprovalTest:50 - Test Case 1: Verify use can submit timesheet for new project
2025-09-09 16:03:09 INFO  TC009_TimesheetAutoApprovalTest:53 - Step 1: Logging in as opal.sparrow
2025-09-09 16:03:10 INFO  TC009_TimesheetAutoApprovalTest:56 - Step 2: Navigating to Timesheet module
2025-09-09 16:03:30 ERROR TC009_TimesheetAutoApprovalTest:116 - org.openqa.selenium.TimeoutException: Expected condition failed: waiting for element to be clickable: By.xpath: //a[contains(@class,'timesheets')] (tried for 15 second(s) with 500 milliseconds interval)
Build info: version: '4.29.0', revision: '5fc1ec94cb'
System info: os.name: 'Windows 11', os.arch: 'amd64', os.version: '10.0', java.version: '21.0.6'
Driver info: org.openqa.selenium.chrome.ChromeDriver
Capabilities {acceptInsecureCerts: false, browserName: chrome, browserVersion: 139.0.7258.157, chrome: {chromedriverVersion: 139.0.7258.154 (9e0d6b2b47f..., userDataDir: C:\Users\SOURAB~1\AppData\L...}, fedcm:accounts: true, goog:chromeOptions: {debuggerAddress: localhost:64461}, networkConnectionEnabled: false, pageLoadStrategy: normal, platformName: windows, proxy: Proxy(), se:cdp: ws://localhost:64461/devtoo..., se:cdpVersion: 139.0.7258.157, setWindowRect: true, strictFileInteractability: false, timeouts: {implicit: 0, pageLoad: 300000, script: 30000}, unhandledPromptBehavior: dismiss and notify, webauthn:extension:credBlob: true, webauthn:extension:largeBlob: true, webauthn:extension:minPinLength: true, webauthn:extension:prf: true, webauthn:virtualAuthenticators: true}
Session ID: a10b5cfdaddbbaaec5ad9d79e76a8132
2025-09-09 16:03:34 INFO  TC010_TimesheetManualApprovalBeforeAutoApproved:35 - Test Case 1: Verify use can submit timesheet for new project
2025-09-09 16:03:34 INFO  TC010_TimesheetManualApprovalBeforeAutoApproved:38 - Step 1: Logging in as isla.moon
2025-09-09 16:03:35 INFO  TC010_TimesheetManualApprovalBeforeAutoApproved:41 - Step 2: Navigating to Timesheet module
2025-09-09 16:07:36 INFO  SetupPreconditions:325 - ----- Create schemas -----
2025-09-09 16:07:36 INFO  SetupPreconditions:327 - 1: Click on timesheet module in header
2025-09-09 16:07:37 INFO  SetupPreconditions:329 - 2: Click on timesheet approval schema sub module inside Timesheet module
2025-09-09 16:07:37 INFO  SetupPreconditions:333 - 3: Check that schema is already created
2025-09-09 16:07:38 INFO  SetupPreconditions:333 - 3: Check that schema is already created
2025-09-09 16:07:38 INFO  SetupPreconditions:333 - 3: Check that schema is already created
2025-09-09 16:07:38 INFO  SetupPreconditions:337 - Click on add new schema btn
2025-09-09 16:07:38 INFO  SetupPreconditions:339 - Write schema name
2025-09-09 16:07:39 INFO  SetupPreconditions:341 - Click on Create schema
2025-09-09 16:07:39 INFO  SetupPreconditions:333 - 3: Check that schema is already created
2025-09-09 16:07:39 INFO  SetupPreconditions:337 - Click on add new schema btn
2025-09-09 16:07:39 INFO  SetupPreconditions:339 - Write schema name
2025-09-09 16:07:39 INFO  SetupPreconditions:341 - Click on Create schema
2025-09-09 16:07:39 INFO  SetupPreconditions:333 - 3: Check that schema is already created
2025-09-09 16:07:40 INFO  SetupPreconditions:337 - Click on add new schema btn
2025-09-09 16:07:40 INFO  SetupPreconditions:339 - Write schema name
2025-09-09 16:07:40 INFO  SetupPreconditions:341 - Click on Create schema
2025-09-09 16:07:40 INFO  SetupPreconditions:356 - ----- Create levels inside schema -----
2025-09-09 16:07:40 INFO  SetupPreconditions:359 - Open schema 1 Level Schema
2025-09-09 16:07:41 INFO  SetupPreconditions:366 - Click on Add Approval level btn
2025-09-09 16:07:41 INFO  SetupPreconditions:368 - Set level name Level 0
2025-09-09 16:07:42 INFO  SetupPreconditions:370 - Select Approval Role: 1Approval
2025-09-09 16:07:42 INFO  SetupPreconditions:372 - Select Approval Level: 0
2025-09-09 16:07:52 ERROR SetupPreconditions:382 - org.openqa.selenium.NoSuchElementException: Cannot locate option with value: 0
For documentation on this error, please visit: https://www.selenium.dev/documentation/webdriver/troubleshooting/errors#no-such-element-exception
Build info: version: '4.29.0', revision: '5fc1ec94cb'
System info: os.name: 'Windows 11', os.arch: 'amd64', os.version: '10.0', java.version: '21.0.6'
Driver info: driver.version: unknown
